<?xml version="1.0" encoding="utf-8"?><testsuites name="pytest tests"><testsuite name="pytest" errors="0" failures="1" skipped="0" tests="30" time="6.404" timestamp="2026-09-03T07:28:34.026418+00:00" hostname="agent-env-6aaec388-7b09-4225-9737-536d4acc7c82"><testcase classname="tests.backend_test.TestAuth" name="test_login_admin" time="0.781" /><testcase classname="tests.backend_test.TestInsights" name="test_insights_modes[mom-extra0]" time="0.816" /><testcase classname="tests.backend_test.TestAuth" name="test_login_analyst" time="0.397" /><testcase classname="tests.backend_test.TestInsights" name="test_insights_modes[yoy-extra1]" time="0.086" /><testcase classname="tests.backend_test.TestInsights" name="test_insights_modes[ytd-extra2]" time="0.254" /><testcase classname="tests.backend_test.TestInsights" name="test_insights_modes[ytd_vs_ytd-extra3]" time="0.058"><failure message="AssertionError: ytd_vs_ytd: {&quot;detail&quot;:&quot;Parameter periode tidak lengkap/valid: Mode perbandingan tidak dikenal&quot;}&#10;assert 422 == 200&#10; +  where 422 = &lt;Response [422]&gt;.status_code">backend/tests/backend_test.py:169: in test_insights_modes
    assert r.status_code == 200, f"{mode}: {r.text}"
E   AssertionError: ytd_vs_ytd: {"detail":"Parameter periode tidak lengkap/valid: Mode perbandingan tidak dikenal"}
E   assert 422 == 200
E    +  where 422 = &lt;Response [422]&gt;.status_code</failure></testcase><testcase classname="tests.backend_test.TestAuth" name="test_login_management" time="0.392" /><testcase classname="tests.backend_test.TestInsights" name="test_insights_modes[qoq-extra4]" time="0.488" /><testcase classname="tests.backend_test.TestAuth" name="test_login_invalid" time="0.380" /><testcase classname="tests.backend_test.TestInsights" name="test_insights_modes[rolling-extra5]" time="0.229" /><testcase classname="tests.backend_test.TestAuth" name="test_unauthenticated_denied" time="0.130" /><testcase classname="tests.backend_test.TestInsights" name="test_insights_modes[avg-extra6]" time="0.090" /><testcase classname="tests.backend_test.TestInsights" name="test_thresholds_get_and_update" time="0.375" /><testcase classname="tests.backend_test.TestAuth" name="test_forgot_password_generic" time="0.352" /><testcase classname="tests.backend_test.TestInsights" name="test_saved_views_crud" time="0.550" /><testcase classname="tests.backend_test.TestAuth" name="test_public_register_denied" time="0.108" /><testcase classname="tests.backend_test.TestCoreEndpoints" name="test_meta_options" time="0.068" /><testcase classname="tests.backend_test.TestRoleRestrictions" name="test_analyst_cannot_admin" time="0.777" /><testcase classname="tests.backend_test.TestCoreEndpoints" name="test_overview" time="0.105" /><testcase classname="tests.backend_test.TestCoreEndpoints" name="test_matrix" time="0.143" /><testcase classname="tests.backend_test.TestCoreEndpoints" name="test_matrix_cell_and_member_detail" time="0.176" /><testcase classname="tests.backend_test.TestRoleRestrictions" name="test_analyst_can_read" time="0.235" /><testcase classname="tests.backend_test.TestCoreEndpoints" name="test_transactions_summary_anti_double_counting" time="0.460" /><testcase classname="tests.backend_test.TestCoreEndpoints" name="test_trx_series_breakdown_table" time="0.340" /><testcase classname="tests.backend_test.TestRoleRestrictions" name="test_management_can_access_dashboard" time="0.623" /><testcase classname="tests.backend_test.TestCoreEndpoints" name="test_export_excel" time="0.678" /><testcase classname="tests.backend_test.TestImport" name="test_member_import_flow" time="1.174" /><testcase classname="tests.backend_test.TestUserManagement" name="test_create_and_login_new_analyst" time="0.884" /><testcase classname="tests.backend_test.TestImport" name="test_transaction_import_rejects_bad_rows" time="0.328" /><testcase classname="tests.backend_test.TestAudit" name="test_audit_log_has_entries" time="0.060" /></testsuite></testsuites>